[19-Jul-2024 20:34:31 UTC] PHP Warning:  Cannot modify header information - headers already sent in /Users/apple/Local Sites/ikumisato/app/public/wp-includes/load.php on line 386
[19-Jul-2024 20:34:31 UTC] PHP Warning:  Cannot modify header information - headers already sent in /Users/apple/Local Sites/ikumisato/app/public/wp-includes/load.php on line 386
[19-Jul-2024 20:34:31 UTC] PHP Warning:  Cannot modify header information - headers already sent in /Users/apple/Local Sites/ikumisato/app/public/wp-includes/load.php on line 386
[19-Jul-2024 20:36:41 UTC] PHP Warning:  Cannot modify header information - headers already sent in /Users/apple/Local Sites/ikumisato/app/public/wp-includes/load.php on line 386
[19-Jul-2024 20:36:41 UTC] PHP Warning:  Cannot modify header information - headers already sent in /Users/apple/Local Sites/ikumisato/app/public/wp-includes/load.php on line 386
[19-Jul-2024 20:36:41 UTC] PHP Warning:  Cannot modify header information - headers already sent in /Users/apple/Local Sites/ikumisato/app/public/wp-includes/load.php on line 386
[19-Jul-2024 20:38:14 UTC] PHP Warning:  Cannot modify header information - headers already sent in /Users/apple/Local Sites/ikumisato/app/public/wp-includes/load.php on line 386
[19-Jul-2024 20:38:14 UTC] PHP Warning:  Cannot modify header information - headers already sent in /Users/apple/Local Sites/ikumisato/app/public/wp-includes/load.php on line 386
[19-Jul-2024 20:38:14 UTC] PHP Warning:  Cannot modify header information - headers already sent in /Users/apple/Local Sites/ikumisato/app/public/wp-includes/load.php on line 386
[19-Jul-2024 20:38:54 UTC] PHP Warning:  Cannot modify header information - headers already sent in /Users/apple/Local Sites/ikumisato/app/public/wp-includes/load.php on line 386
[19-Jul-2024 20:40:32 UTC] PHP Warning:  Cannot modify header information - headers already sent in /Users/apple/Local Sites/ikumisato/app/public/wp-includes/load.php on line 386
[19-Jul-2024 20:40:32 UTC] PHP Warning:  Cannot modify header information - headers already sent in /Users/apple/Local Sites/ikumisato/app/public/wp-includes/load.php on line 386
[20-Jul-2024 05:15:32 UTC] フックの cron 再予約イベントエラー: action_scheduler_run_queue、エラーコード: could_not_set、エラーメッセージ: Cron イベントのリストを保存できません。、データ: {"schedule":"every_minute","args":["WP Cron"],"interval":60}
[20-Jul-2024 20:26:59 UTC] PHP Warning:  Undefined array key "mediaAlign_left" in /Users/apple/Local Sites/ikumisato/app/public/wp-content/plugins/vk-all-in-one-expansion-unit/inc/other-widget/widget-profile.php on line 188
[20-Jul-2024 20:26:59 UTC] PHP Warning:  Undefined array key "mediaRound" in /Users/apple/Local Sites/ikumisato/app/public/wp-content/plugins/vk-all-in-one-expansion-unit/inc/other-widget/widget-profile.php on line 190
[20-Jul-2024 20:26:59 UTC] PHP Warning:  Undefined array key "mediaFloat" in /Users/apple/Local Sites/ikumisato/app/public/wp-content/plugins/vk-all-in-one-expansion-unit/inc/other-widget/widget-profile.php on line 192
[20-Jul-2024 20:27:22 UTC] PHP Warning:  Undefined array key "mediaAlign_left" in /Users/apple/Local Sites/ikumisato/app/public/wp-content/plugins/vk-all-in-one-expansion-unit/inc/other-widget/widget-profile.php on line 188
[20-Jul-2024 20:27:22 UTC] PHP Warning:  Undefined array key "mediaRound" in /Users/apple/Local Sites/ikumisato/app/public/wp-content/plugins/vk-all-in-one-expansion-unit/inc/other-widget/widget-profile.php on line 190
[20-Jul-2024 20:27:22 UTC] PHP Warning:  Undefined array key "mediaFloat" in /Users/apple/Local Sites/ikumisato/app/public/wp-content/plugins/vk-all-in-one-expansion-unit/inc/other-widget/widget-profile.php on line 192
[20-Jul-2024 20:27:42 UTC] PHP Warning:  Undefined array key "mediaAlign_left" in /Users/apple/Local Sites/ikumisato/app/public/wp-content/plugins/vk-all-in-one-expansion-unit/inc/other-widget/widget-profile.php on line 188
[20-Jul-2024 20:27:42 UTC] PHP Warning:  Undefined array key "mediaRound" in /Users/apple/Local Sites/ikumisato/app/public/wp-content/plugins/vk-all-in-one-expansion-unit/inc/other-widget/widget-profile.php on line 190
[20-Jul-2024 20:27:42 UTC] PHP Warning:  Undefined array key "mediaFloat" in /Users/apple/Local Sites/ikumisato/app/public/wp-content/plugins/vk-all-in-one-expansion-unit/inc/other-widget/widget-profile.php on line 192
[20-Jul-2024 20:27:45 UTC] PHP Warning:  Undefined array key "mediaAlign_left" in /Users/apple/Local Sites/ikumisato/app/public/wp-content/plugins/vk-all-in-one-expansion-unit/inc/other-widget/widget-profile.php on line 188
[20-Jul-2024 20:27:45 UTC] PHP Warning:  Undefined array key "mediaRound" in /Users/apple/Local Sites/ikumisato/app/public/wp-content/plugins/vk-all-in-one-expansion-unit/inc/other-widget/widget-profile.php on line 190
[20-Jul-2024 20:27:45 UTC] PHP Warning:  Undefined array key "mediaFloat" in /Users/apple/Local Sites/ikumisato/app/public/wp-content/plugins/vk-all-in-one-expansion-unit/inc/other-widget/widget-profile.php on line 192
[20-Jul-2024 20:27:59 UTC] PHP Warning:  Undefined array key "mediaAlign_left" in /Users/apple/Local Sites/ikumisato/app/public/wp-content/plugins/vk-all-in-one-expansion-unit/inc/other-widget/widget-profile.php on line 188
[20-Jul-2024 20:27:59 UTC] PHP Warning:  Undefined array key "mediaRound" in /Users/apple/Local Sites/ikumisato/app/public/wp-content/plugins/vk-all-in-one-expansion-unit/inc/other-widget/widget-profile.php on line 190
[20-Jul-2024 20:27:59 UTC] PHP Warning:  Undefined array key "mediaFloat" in /Users/apple/Local Sites/ikumisato/app/public/wp-content/plugins/vk-all-in-one-expansion-unit/inc/other-widget/widget-profile.php on line 192
[20-Jul-2024 20:28:02 UTC] PHP Warning:  Undefined array key "mediaAlign_left" in /Users/apple/Local Sites/ikumisato/app/public/wp-content/plugins/vk-all-in-one-expansion-unit/inc/other-widget/widget-profile.php on line 188
[20-Jul-2024 20:28:02 UTC] PHP Warning:  Undefined array key "mediaRound" in /Users/apple/Local Sites/ikumisato/app/public/wp-content/plugins/vk-all-in-one-expansion-unit/inc/other-widget/widget-profile.php on line 190
[20-Jul-2024 20:28:02 UTC] PHP Warning:  Undefined array key "mediaFloat" in /Users/apple/Local Sites/ikumisato/app/public/wp-content/plugins/vk-all-in-one-expansion-unit/inc/other-widget/widget-profile.php on line 192
[20-Jul-2024 20:28:03 UTC] PHP Warning:  Undefined array key "mediaAlign_left" in /Users/apple/Local Sites/ikumisato/app/public/wp-content/plugins/vk-all-in-one-expansion-unit/inc/other-widget/widget-profile.php on line 188
[20-Jul-2024 20:28:03 UTC] PHP Warning:  Undefined array key "mediaRound" in /Users/apple/Local Sites/ikumisato/app/public/wp-content/plugins/vk-all-in-one-expansion-unit/inc/other-widget/widget-profile.php on line 190
[20-Jul-2024 20:28:03 UTC] PHP Warning:  Undefined array key "mediaFloat" in /Users/apple/Local Sites/ikumisato/app/public/wp-content/plugins/vk-all-in-one-expansion-unit/inc/other-widget/widget-profile.php on line 192
[20-Jul-2024 20:28:09 UTC] PHP Warning:  Undefined array key "mediaAlign_left" in /Users/apple/Local Sites/ikumisato/app/public/wp-content/plugins/vk-all-in-one-expansion-unit/inc/other-widget/widget-profile.php on line 188
[20-Jul-2024 20:28:09 UTC] PHP Warning:  Undefined array key "mediaRound" in /Users/apple/Local Sites/ikumisato/app/public/wp-content/plugins/vk-all-in-one-expansion-unit/inc/other-widget/widget-profile.php on line 190
[20-Jul-2024 20:28:09 UTC] PHP Warning:  Undefined array key "mediaFloat" in /Users/apple/Local Sites/ikumisato/app/public/wp-content/plugins/vk-all-in-one-expansion-unit/inc/other-widget/widget-profile.php on line 192
[20-Jul-2024 20:28:10 UTC] PHP Warning:  Undefined array key "mediaAlign_left" in /Users/apple/Local Sites/ikumisato/app/public/wp-content/plugins/vk-all-in-one-expansion-unit/inc/other-widget/widget-profile.php on line 188
[20-Jul-2024 20:28:10 UTC] PHP Warning:  Undefined array key "mediaRound" in /Users/apple/Local Sites/ikumisato/app/public/wp-content/plugins/vk-all-in-one-expansion-unit/inc/other-widget/widget-profile.php on line 190
[20-Jul-2024 20:28:10 UTC] PHP Warning:  Undefined array key "mediaFloat" in /Users/apple/Local Sites/ikumisato/app/public/wp-content/plugins/vk-all-in-one-expansion-unit/inc/other-widget/widget-profile.php on line 192
[20-Jul-2024 20:28:15 UTC] PHP Warning:  Undefined array key "mediaAlign_left" in /Users/apple/Local Sites/ikumisato/app/public/wp-content/plugins/vk-all-in-one-expansion-unit/inc/other-widget/widget-profile.php on line 188
[20-Jul-2024 20:28:15 UTC] PHP Warning:  Undefined array key "mediaRound" in /Users/apple/Local Sites/ikumisato/app/public/wp-content/plugins/vk-all-in-one-expansion-unit/inc/other-widget/widget-profile.php on line 190
[20-Jul-2024 20:28:15 UTC] PHP Warning:  Undefined array key "mediaFloat" in /Users/apple/Local Sites/ikumisato/app/public/wp-content/plugins/vk-all-in-one-expansion-unit/inc/other-widget/widget-profile.php on line 192
[20-Jul-2024 20:28:27 UTC] PHP Warning:  Undefined array key "mediaAlign_left" in /Users/apple/Local Sites/ikumisato/app/public/wp-content/plugins/vk-all-in-one-expansion-unit/inc/other-widget/widget-profile.php on line 188
[20-Jul-2024 20:28:27 UTC] PHP Warning:  Undefined array key "mediaRound" in /Users/apple/Local Sites/ikumisato/app/public/wp-content/plugins/vk-all-in-one-expansion-unit/inc/other-widget/widget-profile.php on line 190
[20-Jul-2024 20:28:27 UTC] PHP Warning:  Undefined array key "mediaFloat" in /Users/apple/Local Sites/ikumisato/app/public/wp-content/plugins/vk-all-in-one-expansion-unit/inc/other-widget/widget-profile.php on line 192
[20-Jul-2024 20:28:31 UTC] PHP Warning:  Undefined array key "mediaAlign_left" in /Users/apple/Local Sites/ikumisato/app/public/wp-content/plugins/vk-all-in-one-expansion-unit/inc/other-widget/widget-profile.php on line 188
[20-Jul-2024 20:28:31 UTC] PHP Warning:  Undefined array key "mediaRound" in /Users/apple/Local Sites/ikumisato/app/public/wp-content/plugins/vk-all-in-one-expansion-unit/inc/other-widget/widget-profile.php on line 190
[20-Jul-2024 20:28:31 UTC] PHP Warning:  Undefined array key "mediaFloat" in /Users/apple/Local Sites/ikumisato/app/public/wp-content/plugins/vk-all-in-one-expansion-unit/inc/other-widget/widget-profile.php on line 192
[20-Jul-2024 20:28:34 UTC] PHP Warning:  Undefined array key "mediaAlign_left" in /Users/apple/Local Sites/ikumisato/app/public/wp-content/plugins/vk-all-in-one-expansion-unit/inc/other-widget/widget-profile.php on line 188
[20-Jul-2024 20:28:34 UTC] PHP Warning:  Undefined array key "mediaRound" in /Users/apple/Local Sites/ikumisato/app/public/wp-content/plugins/vk-all-in-one-expansion-unit/inc/other-widget/widget-profile.php on line 190
[20-Jul-2024 20:28:34 UTC] PHP Warning:  Undefined array key "mediaFloat" in /Users/apple/Local Sites/ikumisato/app/public/wp-content/plugins/vk-all-in-one-expansion-unit/inc/other-widget/widget-profile.php on line 192
[21-Jul-2024 20:08:31 UTC] フックの cron 再予約イベントエラー: wpforms_weekly_entries_count_cron、エラーコード: could_not_set、エラーメッセージ: Cron イベントのリストを保存できません。、データ: {"schedule":"wpforms_weekly_entries_count","args":[],"interval":-18511}
[21-Jul-2024 20:19:59 UTC] フックの cron 再予約イベントエラー: wpforms_weekly_entries_count_cron、エラーコード: could_not_set、エラーメッセージ: Cron イベントのリストを保存できません。、データ: {"schedule":"wpforms_weekly_entries_count","args":[],"interval":-19199}
