[19-Jul-2024 14:59:09] NOTICE: fpm is running, pid 1649
[19-Jul-2024 14:59:09] NOTICE: ready to handle connections
[19-Jul-2024 15:32:33] NOTICE: Terminating ...
[19-Jul-2024 15:32:33] NOTICE: Terminating ...
[19-Jul-2024 15:32:33] NOTICE: exiting, bye-bye!
[20-Jul-2024 05:29:08] NOTICE: fpm is running, pid 1004
[20-Jul-2024 05:29:08] NOTICE: ready to handle connections
[20-Jul-2024 05:36:31] NOTICE: Terminating ...
[20-Jul-2024 05:36:31] NOTICE: Terminating ...
[20-Jul-2024 05:36:31] NOTICE: exiting, bye-bye!
[20-Jul-2024 05:36:36] NOTICE: fpm is running, pid 1521
[20-Jul-2024 05:36:36] NOTICE: ready to handle connections
[20-Jul-2024 05:36:58] NOTICE: Terminating ...
[20-Jul-2024 05:36:58] NOTICE: Terminating ...
[20-Jul-2024 05:36:58] NOTICE: exiting, bye-bye!
[20-Jul-2024 05:38:08] NOTICE: fpm is running, pid 1574
[20-Jul-2024 05:38:08] NOTICE: ready to handle connections
[20-Jul-2024 05:42:17] NOTICE: Terminating ...
[20-Jul-2024 05:42:17] NOTICE: Terminating ...
[20-Jul-2024 05:42:17] NOTICE: exiting, bye-bye!
[20-Jul-2024 05:42:20] NOTICE: fpm is running, pid 1663
[20-Jul-2024 05:42:20] NOTICE: ready to handle connections
[20-Jul-2024 05:57:49] NOTICE: Terminating ...
[20-Jul-2024 05:57:49] NOTICE: Terminating ...
[20-Jul-2024 05:57:49] NOTICE: exiting, bye-bye!
[20-Jul-2024 09:46:21] NOTICE: fpm is running, pid 878
[20-Jul-2024 09:46:21] NOTICE: ready to handle connections
[20-Jul-2024 16:06:51] NOTICE: Terminating ...
[20-Jul-2024 16:06:51] NOTICE: Terminating ...
[20-Jul-2024 16:06:51] NOTICE: exiting, bye-bye!
[20-Jul-2024 18:29:47] NOTICE: fpm is running, pid 1053
[20-Jul-2024 18:29:47] NOTICE: ready to handle connections
[20-Jul-2024 18:44:52] NOTICE: Terminating ...
[20-Jul-2024 18:44:52] NOTICE: Terminating ...
[20-Jul-2024 18:44:52] NOTICE: exiting, bye-bye!
[21-Jul-2024 04:58:37] NOTICE: fpm is running, pid 838
[21-Jul-2024 04:58:37] NOTICE: ready to handle connections
[21-Jul-2024 06:25:31] NOTICE: Terminating ...
[21-Jul-2024 06:25:31] NOTICE: Terminating ...
[21-Jul-2024 06:25:31] NOTICE: exiting, bye-bye!
[21-Jul-2024 06:25:36] NOTICE: fpm is running, pid 1416
[21-Jul-2024 06:25:36] NOTICE: ready to handle connections
[21-Jul-2024 06:28:29] NOTICE: Terminating ...
[21-Jul-2024 06:28:29] NOTICE: Terminating ...
[21-Jul-2024 06:28:29] NOTICE: exiting, bye-bye!
[21-Jul-2024 06:30:23] NOTICE: fpm is running, pid 1531
[21-Jul-2024 06:30:23] NOTICE: ready to handle connections
[21-Jul-2024 06:36:47] NOTICE: Terminating ...
[21-Jul-2024 06:36:47] NOTICE: Terminating ...
[21-Jul-2024 06:36:47] NOTICE: exiting, bye-bye!
[22-Jul-2024 05:04:55] NOTICE: fpm is running, pid 1000
[22-Jul-2024 05:04:55] NOTICE: ready to handle connections
[22-Jul-2024 05:48:25] NOTICE: Terminating ...
[22-Jul-2024 05:48:25] NOTICE: Terminating ...
[22-Jul-2024 05:48:25] NOTICE: exiting, bye-bye!
[24-Jul-2024 11:33:36] NOTICE: fpm is running, pid 1032
[24-Jul-2024 11:33:36] NOTICE: ready to handle connections
[24-Jul-2024 16:09:50] NOTICE: Terminating ...
[24-Jul-2024 16:09:50] NOTICE: Terminating ...
[24-Jul-2024 16:09:50] NOTICE: exiting, bye-bye!
[25-Jul-2024 21:30:17] NOTICE: fpm is running, pid 884
[25-Jul-2024 21:30:17] NOTICE: ready to handle connections
[25-Jul-2024 23:38:08] NOTICE: Terminating ...
[25-Jul-2024 23:38:08] NOTICE: Terminating ...
[25-Jul-2024 23:38:08] NOTICE: exiting, bye-bye!
[01-Aug-2024 05:04:28] NOTICE: fpm is running, pid 1796
[01-Aug-2024 05:04:28] NOTICE: ready to handle connections
[01-Aug-2024 05:48:14] NOTICE: Terminating ...
[01-Aug-2024 05:48:14] NOTICE: Terminating ...
[01-Aug-2024 05:48:14] NOTICE: exiting, bye-bye!
[25-Aug-2024 05:21:16] NOTICE: fpm is running, pid 4865
[25-Aug-2024 05:21:16] NOTICE: ready to handle connections
[25-Aug-2024 06:01:27] NOTICE: Terminating ...
[25-Aug-2024 06:01:27] NOTICE: Terminating ...
[25-Aug-2024 06:01:27] NOTICE: exiting, bye-bye!
[29-Sep-2024 19:23:40] NOTICE: fpm is running, pid 3127
[29-Sep-2024 19:23:40] NOTICE: ready to handle connections
[29-Sep-2024 19:36:10] NOTICE: Terminating ...
[29-Sep-2024 19:36:10] NOTICE: Terminating ...
[29-Sep-2024 19:36:10] NOTICE: exiting, bye-bye!
[30-Sep-2024 11:15:09] NOTICE: fpm is running, pid 6550
[30-Sep-2024 11:15:09] NOTICE: ready to handle connections
[30-Sep-2024 11:38:38] NOTICE: Terminating ...
[30-Sep-2024 11:38:38] NOTICE: Terminating ...
[30-Sep-2024 11:38:38] NOTICE: exiting, bye-bye!
[30-Sep-2024 12:56:04] NOTICE: fpm is running, pid 2149
[30-Sep-2024 12:56:04] NOTICE: ready to handle connections
[30-Sep-2024 14:00:13] NOTICE: Terminating ...
[30-Sep-2024 14:00:13] NOTICE: Terminating ...
[30-Sep-2024 14:00:13] NOTICE: exiting, bye-bye!
